ERROR - 2023-02-02 08:50:55 --> mysqli_sql_exception: Unknown column 'uid' in 'where clause' in /var/www/vendor/codeigniter4/framework/system/Database/MySQLi/Connection.php:292
Stack trace:
#0 /var/www/vendor/codeigniter4/framework/system/Database/MySQLi/Connection.php(292): mysqli->query('SELECT *\nFROM `...', 0)
#1 /var/www/vendor/codeigniter4/framework/system/Database/BaseConnection.php(693): CodeIgniter\Database\MySQLi\Connection->execute('SELECT *\nFROM `...')
#2 /var/www/vendor/codeigniter4/framework/system/Database/BaseConnection.php(620): CodeIgniter\Database\BaseConnection->simpleQuery('SELECT *\nFROM `...')
#3 /var/www/vendor/codeigniter4/framework/system/Database/BaseBuilder.php(1585): CodeIgniter\Database\BaseConnection->query('SELECT *\nFROM `...', Array, false)
#4 /var/www/app/Controllers/Situgu/Ops/Masterdata/Pengguna.php(577): CodeIgniter\Database\BaseBuilder->get()
#5 /var/www/vendor/codeigniter4/framework/system/CodeIgniter.php(904): App\Controllers\Situgu\Ops\Masterdata\Pengguna->detail()
#6 /var/www/vendor/codeigniter4/framework/system/CodeIgniter.php(457): CodeIgniter\CodeIgniter->runController(Object(App\Controllers\Situgu\Ops\Masterdata\Pengguna))
#7 /var/www/vendor/codeigniter4/framework/system/CodeIgniter.php(340): CodeIgniter\CodeIgniter->handleRequest(NULL, Object(Config\Cache), false)
#8 /var/www/public/index.php(67): CodeIgniter\CodeIgniter->run()
#9 {main}
CRITICAL - 2023-02-02 08:50:55 --> Unknown column 'uid' in 'where clause'
in SYSTEMPATH/Database/MySQLi/Connection.php on line 292.
 1 SYSTEMPATH/Database/MySQLi/Connection.php(292): mysqli->query('SELECT *
FROM `_users_tb`
WHERE `uid` = \'c8905d7f-788a-457d-9c0e-2a4e1962b6fc\'', 0)
 2 SYSTEMPATH/Database/BaseConnection.php(693): CodeIgniter\Database\MySQLi\Connection->execute('SELECT *
FROM `_users_tb`
WHERE `uid` = \'c8905d7f-788a-457d-9c0e-2a4e1962b6fc\'')
 3 SYSTEMPATH/Database/BaseConnection.php(620): CodeIgniter\Database\BaseConnection->simpleQuery('SELECT *
FROM `_users_tb`
WHERE `uid` = \'c8905d7f-788a-457d-9c0e-2a4e1962b6fc\'')
 4 SYSTEMPATH/Database/BaseBuilder.php(1585): CodeIgniter\Database\BaseConnection->query('SELECT *
FROM `_users_tb`
WHERE `uid` = :uid:', [...], false)
 5 APPPATH/Controllers/Situgu/Ops/Masterdata/Pengguna.php(577): CodeIgniter\Database\BaseBuilder->get()
 6 SYSTEMPATH/CodeIgniter.php(904): App\Controllers\Situgu\Ops\Masterdata\Pengguna->detail()
 7 SYSTEMPATH/CodeIgniter.php(457): CodeIgniter\CodeIgniter->runController(Object(App\Controllers\Situgu\Ops\Masterdata\Pengguna))
 8 SYSTEMPATH/CodeIgniter.php(340): CodeIgniter\CodeIgniter->handleRequest(null, Object(Config\Cache), false)
 9 FCPATH/index.php(67): CodeIgniter\CodeIgniter->run()
