CRITICAL - 2023-01-23 20:45:45 --> Call to undefined method App\Libraries\Helplib::canUsulTpg()
in APPPATH/Controllers/Situgu/Ptk/Us/Ajukan.php on line 243.
 1 SYSTEMPATH/CodeIgniter.php(904): App\Controllers\Situgu\Ptk\Us\Ajukan->getValidationAjuan()
 2 SYSTEMPATH/CodeIgniter.php(457): CodeIgniter\CodeIgniter->runController(Object(App\Controllers\Situgu\Ptk\Us\Ajukan))
 3 SYSTEMPATH/CodeIgniter.php(340): CodeIgniter\CodeIgniter->handleRequest(null, Object(Config\Cache), false)
 4 FCPATH/index.php(67): CodeIgniter\CodeIgniter->run()
CRITICAL - 2023-01-23 21:01:09 --> Invalid file: situgu/su/setting/sptjm/edit.php
in SYSTEMPATH/Exceptions/FrameworkException.php on line 33.
 1 SYSTEMPATH/View/View.php(201): CodeIgniter\Exceptions\FrameworkException::forInvalidFile('situgu/su/setting/sptjm/edit.php')
 2 SYSTEMPATH/Common.php(1142): CodeIgniter\View\View->render('situgu/su/setting/sptjm/edit', [], true)
 3 APPPATH/Controllers/Situgu/Su/Setting/Sptjm.php(81): view('situgu/su/setting/sptjm/edit', [...])
 4 SYSTEMPATH/CodeIgniter.php(904): App\Controllers\Situgu\Su\Setting\Sptjm->edit()
 5 SYSTEMPATH/CodeIgniter.php(457): CodeIgniter\CodeIgniter->runController(Object(App\Controllers\Situgu\Su\Setting\Sptjm))
 6 SYSTEMPATH/CodeIgniter.php(340): CodeIgniter\CodeIgniter->handleRequest(null, Object(Config\Cache), false)
 7 FCPATH/index.php(67): CodeIgniter\CodeIgniter->run()
CRITICAL - 2023-01-23 21:01:16 --> Invalid file: situgu/su/setting/sptjm/edit.php
in SYSTEMPATH/Exceptions/FrameworkException.php on line 33.
 1 SYSTEMPATH/View/View.php(201): CodeIgniter\Exceptions\FrameworkException::forInvalidFile('situgu/su/setting/sptjm/edit.php')
 2 SYSTEMPATH/Common.php(1142): CodeIgniter\View\View->render('situgu/su/setting/sptjm/edit', [], true)
 3 APPPATH/Controllers/Situgu/Su/Setting/Sptjm.php(81): view('situgu/su/setting/sptjm/edit', [...])
 4 SYSTEMPATH/CodeIgniter.php(904): App\Controllers\Situgu\Su\Setting\Sptjm->edit()
 5 SYSTEMPATH/CodeIgniter.php(457): CodeIgniter\CodeIgniter->runController(Object(App\Controllers\Situgu\Su\Setting\Sptjm))
 6 SYSTEMPATH/CodeIgniter.php(340): CodeIgniter\CodeIgniter->handleRequest(null, Object(Config\Cache), false)
 7 FCPATH/index.php(67): CodeIgniter\CodeIgniter->run()
CRITICAL - 2023-01-23 21:07:15 --> Undefined property: stdClass::$keterangan
in APPPATH/Views/situgu/su/setting/sptjm/edit.php on line 44.
 1 APPPATH/Views/situgu/su/setting/sptjm/edit.php(44): CodeIgniter\Debug\Exceptions->errorHandler(8, 'Undefined property: stdClass::$keterangan', 'APPPATH/Views/situgu/su/setting/sptjm/edit.php', 44, [...])
 2 SYSTEMPATH/View/View.php(213): include('APPPATH/Views/situgu/su/setting/sptjm/edit.php')
 3 SYSTEMPATH/View/View.php(216): CodeIgniter\View\View->CodeIgniter\View\{closure}()
 4 SYSTEMPATH/Common.php(1142): CodeIgniter\View\View->render('situgu/su/setting/sptjm/edit', [], true)
 5 APPPATH/Controllers/Situgu/Su/Setting/Sptjm.php(81): view('situgu/su/setting/sptjm/edit', [...])
 6 SYSTEMPATH/CodeIgniter.php(904): App\Controllers\Situgu\Su\Setting\Sptjm->edit()
 7 SYSTEMPATH/CodeIgniter.php(457): CodeIgniter\CodeIgniter->runController(Object(App\Controllers\Situgu\Su\Setting\Sptjm))
 8 SYSTEMPATH/CodeIgniter.php(340): CodeIgniter\CodeIgniter->handleRequest(null, Object(Config\Cache), false)
 9 FCPATH/index.php(67): CodeIgniter\CodeIgniter->run()
ERROR - 2023-01-23 21:18:59 --> mysqli_sql_exception: Unknown column 'd.cuti_pensiun_kematian' in 'field list' in /var/www/vendor/codeigniter4/framework/system/Database/MySQLi/Connection.php:292
Stack trace:
#0 /var/www/vendor/codeigniter4/framework/system/Database/MySQLi/Connection.php(292): mysqli->query('SELECT `c`.*, `...', 0)
#1 /var/www/vendor/codeigniter4/framework/system/Database/BaseConnection.php(693): CodeIgniter\Database\MySQLi\Connection->execute('SELECT `c`.*, `...')
#2 /var/www/vendor/codeigniter4/framework/system/Database/BaseConnection.php(620): CodeIgniter\Database\BaseConnection->simpleQuery('SELECT `c`.*, `...')
#3 /var/www/vendor/codeigniter4/framework/system/Database/BaseBuilder.php(1585): CodeIgniter\Database\BaseConnection->query('SELECT `c`.*, `...', Array, false)
#4 /var/www/app/Models/Situgu/Ops/DocptkModel.php(68): CodeIgniter\Database\BaseBuilder->get()
#5 /var/www/app/Controllers/Situgu/Ops/Doc/Ptk.php(132): App\Models\Situgu\Ops\DocptkModel->get_datatables()
#6 /var/www/vendor/codeigniter4/framework/system/CodeIgniter.php(904): App\Controllers\Situgu\Ops\Doc\Ptk->getAllDoc()
#7 /var/www/vendor/codeigniter4/framework/system/CodeIgniter.php(457): CodeIgniter\CodeIgniter->runController(Object(App\Controllers\Situgu\Ops\Doc\Ptk))
#8 /var/www/vendor/codeigniter4/framework/system/CodeIgniter.php(340): CodeIgniter\CodeIgniter->handleRequest(NULL, Object(Config\Cache), false)
#9 /var/www/public/index.php(67): CodeIgniter\CodeIgniter->run()
#10 {main}
CRITICAL - 2023-01-23 21:18:59 --> Unknown column 'd.cuti_pensiun_kematian' in 'field list'
in SYSTEMPATH/Database/MySQLi/Connection.php on line 292.
 1 SYSTEMPATH/Database/MySQLi/Connection.php(292): mysqli->query('SELECT `c`.*, `b`.`tahun`, `b`.`tw`, `a`.`lampiran_absen1`, `a`.`lampiran_absen2`, `a`.`lampiran_absen3`, `a`.`pembagian_tugas`, `a`.`slip_gaji`, `a`.`id_tahun_tw`, `a`.`doc_lainnya`, `a`.`is_locked` as `lockedAbsen`, `d`.`pangkat_terakhir` as `doc_pangkat_terakhir`, `d`.`kgb_terakhir` as `doc_kgb_terakhir`, `d`.`pernyataan_24jam` as `doc_pernyataan_24jam`, `d`.`cuti_pensiun_kematian` as `doc_cuti_pensiun_kematian`, `d`.`lainnya` as `doc_attr_lainnya`, `d`.`is_locked` as `lockedAttr`
FROM `_absen_kehadiran` `a`
LEFT JOIN `_ref_tahun_tw` `b` ON `a`.`id_tahun_tw` = `b`.`id`
LEFT JOIN `_ptk_tb` `c` ON `a`.`id_ptk` = `c`.`id`
LEFT JOIN `_upload_data_attribut` `d` ON `a`.`id_ptk` = `d`.`id_ptk` AND `a`.`id_tahun_tw` = `d`.`id_tahun_tw`
WHERE `a`.`id_ptk` = \'02fb8571-c9d5-41fd-9947-7e6567adb418\'
ORDER BY `b`.`tahun` DESC
 LIMIT 10', 0)
 2 SYSTEMPATH/Database/BaseConnection.php(693): CodeIgniter\Database\MySQLi\Connection->execute('SELECT `c`.*, `b`.`tahun`, `b`.`tw`, `a`.`lampiran_absen1`, `a`.`lampiran_absen2`, `a`.`lampiran_absen3`, `a`.`pembagian_tugas`, `a`.`slip_gaji`, `a`.`id_tahun_tw`, `a`.`doc_lainnya`, `a`.`is_locked` as `lockedAbsen`, `d`.`pangkat_terakhir` as `doc_pangkat_terakhir`, `d`.`kgb_terakhir` as `doc_kgb_terakhir`, `d`.`pernyataan_24jam` as `doc_pernyataan_24jam`, `d`.`cuti_pensiun_kematian` as `doc_cuti_pensiun_kematian`, `d`.`lainnya` as `doc_attr_lainnya`, `d`.`is_locked` as `lockedAttr`
FROM `_absen_kehadiran` `a`
LEFT JOIN `_ref_tahun_tw` `b` ON `a`.`id_tahun_tw` = `b`.`id`
LEFT JOIN `_ptk_tb` `c` ON `a`.`id_ptk` = `c`.`id`
LEFT JOIN `_upload_data_attribut` `d` ON `a`.`id_ptk` = `d`.`id_ptk` AND `a`.`id_tahun_tw` = `d`.`id_tahun_tw`
WHERE `a`.`id_ptk` = \'02fb8571-c9d5-41fd-9947-7e6567adb418\'
ORDER BY `b`.`tahun` DESC
 LIMIT 10')
 3 SYSTEMPATH/Database/BaseConnection.php(620): CodeIgniter\Database\BaseConnection->simpleQuery('SELECT `c`.*, `b`.`tahun`, `b`.`tw`, `a`.`lampiran_absen1`, `a`.`lampiran_absen2`, `a`.`lampiran_absen3`, `a`.`pembagian_tugas`, `a`.`slip_gaji`, `a`.`id_tahun_tw`, `a`.`doc_lainnya`, `a`.`is_locked` as `lockedAbsen`, `d`.`pangkat_terakhir` as `doc_pangkat_terakhir`, `d`.`kgb_terakhir` as `doc_kgb_terakhir`, `d`.`pernyataan_24jam` as `doc_pernyataan_24jam`, `d`.`cuti_pensiun_kematian` as `doc_cuti_pensiun_kematian`, `d`.`lainnya` as `doc_attr_lainnya`, `d`.`is_locked` as `lockedAttr`
FROM `_absen_kehadiran` `a`
LEFT JOIN `_ref_tahun_tw` `b` ON `a`.`id_tahun_tw` = `b`.`id`
LEFT JOIN `_ptk_tb` `c` ON `a`.`id_ptk` = `c`.`id`
LEFT JOIN `_upload_data_attribut` `d` ON `a`.`id_ptk` = `d`.`id_ptk` AND `a`.`id_tahun_tw` = `d`.`id_tahun_tw`
WHERE `a`.`id_ptk` = \'02fb8571-c9d5-41fd-9947-7e6567adb418\'
ORDER BY `b`.`tahun` DESC
 LIMIT 10')
 4 SYSTEMPATH/Database/BaseBuilder.php(1585): CodeIgniter\Database\BaseConnection->query('SELECT `c`.*, `b`.`tahun`, `b`.`tw`, `a`.`lampiran_absen1`, `a`.`lampiran_absen2`, `a`.`lampiran_absen3`, `a`.`pembagian_tugas`, `a`.`slip_gaji`, `a`.`id_tahun_tw`, `a`.`doc_lainnya`, `a`.`is_locked` as `lockedAbsen`, `d`.`pangkat_terakhir` as `doc_pangkat_terakhir`, `d`.`kgb_terakhir` as `doc_kgb_terakhir`, `d`.`pernyataan_24jam` as `doc_pernyataan_24jam`, `d`.`cuti_pensiun_kematian` as `doc_cuti_pensiun_kematian`, `d`.`lainnya` as `doc_attr_lainnya`, `d`.`is_locked` as `lockedAttr`
FROM `_absen_kehadiran` `a`
LEFT JOIN `_ref_tahun_tw` `b` ON `a`.`id_tahun_tw` = `b`.`id`
LEFT JOIN `_ptk_tb` `c` ON `a`.`id_ptk` = `c`.`id`
LEFT JOIN `_upload_data_attribut` `d` ON `a`.`id_ptk` = `d`.`id_ptk` AND `a`.`id_tahun_tw` = `d`.`id_tahun_tw`
WHERE `a`.`id_ptk` = :a.id_ptk:
ORDER BY `b`.`tahun` DESC
 LIMIT 10', [...], false)
 5 APPPATH/Models/Situgu/Ops/DocptkModel.php(68): CodeIgniter\Database\BaseBuilder->get()
 6 APPPATH/Controllers/Situgu/Ops/Doc/Ptk.php(132): App\Models\Situgu\Ops\DocptkModel->get_datatables()
 7 SYSTEMPATH/CodeIgniter.php(904): App\Controllers\Situgu\Ops\Doc\Ptk->getAllDoc()
 8 SYSTEMPATH/CodeIgniter.php(457): CodeIgniter\CodeIgniter->runController(Object(App\Controllers\Situgu\Ops\Doc\Ptk))
 9 SYSTEMPATH/CodeIgniter.php(340): CodeIgniter\CodeIgniter->handleRequest(null, Object(Config\Cache), false)
10 FCPATH/index.php(67): CodeIgniter\CodeIgniter->run()
