ERROR - 2023-01-04 21:04:56 --> mysqli_sql_exception: Unknown column 'uid' in 'where clause' in /var/www/vendor/codeigniter4/framework/system/Database/MySQLi/Connection.php:292
Stack trace:
#0 /var/www/vendor/codeigniter4/framework/system/Database/MySQLi/Connection.php(292): mysqli->query('SELECT *\nFROM `...', 0)
#1 /var/www/vendor/codeigniter4/framework/system/Database/BaseConnection.php(693): CodeIgniter\Database\MySQLi\Connection->execute('SELECT *\nFROM `...')
#2 /var/www/vendor/codeigniter4/framework/system/Database/BaseConnection.php(620): CodeIgniter\Database\BaseConnection->simpleQuery('SELECT *\nFROM `...')
#3 /var/www/vendor/codeigniter4/framework/system/Database/BaseBuilder.php(1585): CodeIgniter\Database\BaseConnection->query('SELECT *\nFROM `...', Array, false)
#4 /var/www/app/Libraries/Profilelib.php(28): CodeIgniter\Database\BaseBuilder->get()
#5 /var/www/app/Controllers/Situgu/Su/Home.php(27): App\Libraries\Profilelib->user()
#6 /var/www/vendor/codeigniter4/framework/system/CodeIgniter.php(904): App\Controllers\Situgu\Su\Home->index()
#7 /var/www/vendor/codeigniter4/framework/system/CodeIgniter.php(457): CodeIgniter\CodeIgniter->runController(Object(App\Controllers\Situgu\Su\Home))
#8 /var/www/vendor/codeigniter4/framework/system/CodeIgniter.php(340): CodeIgniter\CodeIgniter->handleRequest(NULL, Object(Config\Cache), false)
#9 /var/www/public/index.php(67): CodeIgniter\CodeIgniter->run()
#10 {main}
CRITICAL - 2023-01-04 21:57:48 --> Undefined property: stdClass::$status
in APPPATH/Controllers/Situgu/Su/Home.php on line 29.
 1 APPPATH/Controllers/Situgu/Su/Home.php(29): CodeIgniter\Debug\Exceptions->errorHandler(8, 'Undefined property: stdClass::$status', 'APPPATH/Controllers/Situgu/Su/Home.php', 29, [...])
 2 SYSTEMPATH/CodeIgniter.php(904): App\Controllers\Situgu\Su\Home->index()
 3 SYSTEMPATH/CodeIgniter.php(457): CodeIgniter\CodeIgniter->runController(Object(App\Controllers\Situgu\Su\Home))
 4 SYSTEMPATH/CodeIgniter.php(340): CodeIgniter\CodeIgniter->handleRequest(null, Object(Config\Cache), false)
 5 FCPATH/index.php(67): CodeIgniter\CodeIgniter->run()
CRITICAL - 2023-01-04 22:59:57 --> Undefined property: stdClass::$code
in APPPATH/Controllers/Auth.php on line 23.
 1 APPPATH/Controllers/Auth.php(23): CodeIgniter\Debug\Exceptions->errorHandler(8, 'Undefined property: stdClass::$code', 'APPPATH/Controllers/Auth.php', 23, [...])
 2 SYSTEMPATH/CodeIgniter.php(904): App\Controllers\Auth->index()
 3 SYSTEMPATH/CodeIgniter.php(457): CodeIgniter\CodeIgniter->runController(Object(App\Controllers\Auth))
 4 SYSTEMPATH/CodeIgniter.php(340): CodeIgniter\CodeIgniter->handleRequest(null, Object(Config\Cache), false)
 5 FCPATH/index.php(67): CodeIgniter\CodeIgniter->run()
CRITICAL - 2023-01-04 23:00:27 --> Undefined property: stdClass::$code
in APPPATH/Controllers/Auth.php on line 23.
 1 APPPATH/Controllers/Auth.php(23): CodeIgniter\Debug\Exceptions->errorHandler(8, 'Undefined property: stdClass::$code', 'APPPATH/Controllers/Auth.php', 23, [...])
 2 SYSTEMPATH/CodeIgniter.php(904): App\Controllers\Auth->index()
 3 SYSTEMPATH/CodeIgniter.php(457): CodeIgniter\CodeIgniter->runController(Object(App\Controllers\Auth))
 4 SYSTEMPATH/CodeIgniter.php(340): CodeIgniter\CodeIgniter->handleRequest(null, Object(Config\Cache), false)
 5 FCPATH/index.php(67): CodeIgniter\CodeIgniter->run()
