ERROR - 2023-01-06 10:38:10 --> mysqli_sql_exception: Column 'id' in where clause is ambiguous in /var/www/vendor/codeigniter4/framework/system/Database/MySQLi/Connection.php:292
Stack trace:
#0 /var/www/vendor/codeigniter4/framework/system/Database/MySQLi/Connection.php(292): mysqli->query('SELECT `a`.*, `...', 0)
#1 /var/www/vendor/codeigniter4/framework/system/Database/BaseConnection.php(693): CodeIgniter\Database\MySQLi\Connection->execute('SELECT `a`.*, `...')
#2 /var/www/vendor/codeigniter4/framework/system/Database/BaseConnection.php(620): CodeIgniter\Database\BaseConnection->simpleQuery('SELECT `a`.*, `...')
#3 /var/www/vendor/codeigniter4/framework/system/Database/BaseBuilder.php(1585): CodeIgniter\Database\BaseConnection->query('SELECT `a`.*, `...', Array, false)
#4 /var/www/app/Controllers/Situgu/Ops/Masterdata/Ptk.php(154): CodeIgniter\Database\BaseBuilder->get()
#5 /var/www/vendor/codeigniter4/framework/system/CodeIgniter.php(904): App\Controllers\Situgu\Ops\Masterdata\Ptk->detail()
#6 /var/www/vendor/codeigniter4/framework/system/CodeIgniter.php(457): CodeIgniter\CodeIgniter->runController(Object(App\Controllers\Situgu\Ops\Masterdata\Ptk))
#7 /var/www/vendor/codeigniter4/framework/system/CodeIgniter.php(340): CodeIgniter\CodeIgniter->handleRequest(NULL, Object(Config\Cache), false)
#8 /var/www/public/index.php(67): CodeIgniter\CodeIgniter->run()
#9 {main}
CRITICAL - 2023-01-06 10:38:10 --> Column 'id' in where clause is ambiguous
in SYSTEMPATH/Database/MySQLi/Connection.php on line 292.
 1 SYSTEMPATH/Database/MySQLi/Connection.php(292): mysqli->query('SELECT `a`.*, `b`.`no_hp` as `nohpAkun`, `b`.`email` as `emailAkun`, `b`.`wa_verified`, `b`.`image`
FROM `_ptk_tb` `a`
LEFT JOIN `v_user` `b` ON `a`.`id_ptk` = `b`.`ptk_id`
WHERE `id` = \'a4b24876-06c7-430d-94e2-032a8a97812f\'', 0)
 2 SYSTEMPATH/Database/BaseConnection.php(693): CodeIgniter\Database\MySQLi\Connection->execute('SELECT `a`.*, `b`.`no_hp` as `nohpAkun`, `b`.`email` as `emailAkun`, `b`.`wa_verified`, `b`.`image`
FROM `_ptk_tb` `a`
LEFT JOIN `v_user` `b` ON `a`.`id_ptk` = `b`.`ptk_id`
WHERE `id` = \'a4b24876-06c7-430d-94e2-032a8a97812f\'')
 3 SYSTEMPATH/Database/BaseConnection.php(620): CodeIgniter\Database\BaseConnection->simpleQuery('SELECT `a`.*, `b`.`no_hp` as `nohpAkun`, `b`.`email` as `emailAkun`, `b`.`wa_verified`, `b`.`image`
FROM `_ptk_tb` `a`
LEFT JOIN `v_user` `b` ON `a`.`id_ptk` = `b`.`ptk_id`
WHERE `id` = \'a4b24876-06c7-430d-94e2-032a8a97812f\'')
 4 SYSTEMPATH/Database/BaseBuilder.php(1585): CodeIgniter\Database\BaseConnection->query('SELECT `a`.*, `b`.`no_hp` as `nohpAkun`, `b`.`email` as `emailAkun`, `b`.`wa_verified`, `b`.`image`
FROM `_ptk_tb` `a`
LEFT JOIN `v_user` `b` ON `a`.`id_ptk` = `b`.`ptk_id`
WHERE `id` = :id:', [...], false)
 5 APPPATH/Controllers/Situgu/Ops/Masterdata/Ptk.php(154): CodeIgniter\Database\BaseBuilder->get()
 6 SYSTEMPATH/CodeIgniter.php(904): App\Controllers\Situgu\Ops\Masterdata\Ptk->detail()
 7 SYSTEMPATH/CodeIgniter.php(457): CodeIgniter\CodeIgniter->runController(Object(App\Controllers\Situgu\Ops\Masterdata\Ptk))
 8 SYSTEMPATH/CodeIgniter.php(340): CodeIgniter\CodeIgniter->handleRequest(null, Object(Config\Cache), false)
 9 FCPATH/index.php(67): CodeIgniter\CodeIgniter->run()
