ERROR - 2022-09-13 23:11:34 --> mysqli_sql_exception: Duplicate entry '#' for key 'url' in /var/www/vendor/codeigniter4/framework/system/Database/MySQLi/Connection.php:292
Stack trace:
#0 /var/www/vendor/codeigniter4/framework/system/Database/MySQLi/Connection.php(292): mysqli->query('INSERT INTO `_t...', 0)
#1 /var/www/vendor/codeigniter4/framework/system/Database/BaseConnection.php(693): CodeIgniter\Database\MySQLi\Connection->execute('INSERT INTO `_t...')
#2 /var/www/vendor/codeigniter4/framework/system/Database/BaseConnection.php(620): CodeIgniter\Database\BaseConnection->simpleQuery('INSERT INTO `_t...')
#3 /var/www/vendor/codeigniter4/framework/system/Database/BaseBuilder.php(1916): CodeIgniter\Database\BaseConnection->query('INSERT INTO `_t...', Array, false)
#4 /var/www/app/Controllers/A/Setting/Menulain.php(422): CodeIgniter\Database\BaseBuilder->insert(Array)
#5 /var/www/vendor/codeigniter4/framework/system/CodeIgniter.php(904): App\Controllers\A\Setting\Menulain->addSave()
#6 /var/www/vendor/codeigniter4/framework/system/CodeIgniter.php(457): CodeIgniter\CodeIgniter->runController(Object(App\Controllers\A\Setting\Menulain))
#7 /var/www/vendor/codeigniter4/framework/system/CodeIgniter.php(340): CodeIgniter\CodeIgniter->handleRequest(NULL, Object(Config\Cache), false)
#8 /var/www/public/index.php(67): CodeIgniter\CodeIgniter->run()
#9 {main}
ERROR - 2022-09-13 23:11:49 --> mysqli_sql_exception: Duplicate entry '#' for key 'url' in /var/www/vendor/codeigniter4/framework/system/Database/MySQLi/Connection.php:292
Stack trace:
#0 /var/www/vendor/codeigniter4/framework/system/Database/MySQLi/Connection.php(292): mysqli->query('INSERT INTO `_t...', 0)
#1 /var/www/vendor/codeigniter4/framework/system/Database/BaseConnection.php(693): CodeIgniter\Database\MySQLi\Connection->execute('INSERT INTO `_t...')
#2 /var/www/vendor/codeigniter4/framework/system/Database/BaseConnection.php(620): CodeIgniter\Database\BaseConnection->simpleQuery('INSERT INTO `_t...')
#3 /var/www/vendor/codeigniter4/framework/system/Database/BaseBuilder.php(1916): CodeIgniter\Database\BaseConnection->query('INSERT INTO `_t...', Array, false)
#4 /var/www/app/Controllers/A/Setting/Menulain.php(422): CodeIgniter\Database\BaseBuilder->insert(Array)
#5 /var/www/vendor/codeigniter4/framework/system/CodeIgniter.php(904): App\Controllers\A\Setting\Menulain->addSave()
#6 /var/www/vendor/codeigniter4/framework/system/CodeIgniter.php(457): CodeIgniter\CodeIgniter->runController(Object(App\Controllers\A\Setting\Menulain))
#7 /var/www/vendor/codeigniter4/framework/system/CodeIgniter.php(340): CodeIgniter\CodeIgniter->handleRequest(NULL, Object(Config\Cache), false)
#8 /var/www/public/index.php(67): CodeIgniter\CodeIgniter->run()
#9 {main}
